CRITICAL - 2024-11-14 07:55:43 --> CodeIgniter\HTTP\Exceptions\BadRequestException: The URI you submitted has disallowed characters: "C:\Users\HP\Desktop\téléchargement.png"
[Method: GET, Route: C:%5CUsers%5CHP%5CDesktop%5Ct%C3%A9l%C3%A9chargement.png]
in SYSTEMPATH\Router\Router.php on line 737.
 1 SYSTEMPATH\Router\Router.php(204): CodeIgniter\Router\Router->checkDisallowedChars('C:\\Users\\HP\\Desktop\\téléchargement.png')
 2 SYSTEMPATH\CodeIgniter.php(834): CodeIgniter\Router\Router->handle('C:\\Users\\HP\\Desktop\\téléchargement.png')
 3 SYSTEMPATH\CodeIgniter.php(457): CodeIgniter\CodeIgniter->tryToRouteIt(Object(CodeIgniter\Router\RouteCollection))
 4 SYSTEMPATH\CodeIgniter.php(355): CodeIgniter\CodeIgniter->handleRequest(null, Object(Config\Cache), false)
 5 SYSTEMPATH\Boot.php(325): CodeIgniter\CodeIgniter->run()
 6 SYSTEMPATH\Boot.php(67): CodeIgniter\Boot::runCodeIgniter(Object(CodeIgniter\CodeIgniter))
 7 FCPATH\index.php(56): CodeIgniter\Boot::bootWeb(Object(Config\Paths))
 8 SYSTEMPATH\rewrite.php(44): require_once('C:\\xampp\\htdocs\\tp2\\public\\index.php')
CRITICAL - 2024-11-14 07:55:51 --> CodeIgniter\HTTP\Exceptions\BadRequestException: The URI you submitted has disallowed characters: "C:\Users\HP\Desktop\téléchargement.png"
[Method: GET, Route: C:%5CUsers%5CHP%5CDesktop%5Ct%C3%A9l%C3%A9chargement.png]
in SYSTEMPATH\Router\Router.php on line 737.
 1 SYSTEMPATH\Router\Router.php(204): CodeIgniter\Router\Router->checkDisallowedChars('C:\\Users\\HP\\Desktop\\téléchargement.png')
 2 SYSTEMPATH\CodeIgniter.php(834): CodeIgniter\Router\Router->handle('C:\\Users\\HP\\Desktop\\téléchargement.png')
 3 SYSTEMPATH\CodeIgniter.php(457): CodeIgniter\CodeIgniter->tryToRouteIt(Object(CodeIgniter\Router\RouteCollection))
 4 SYSTEMPATH\CodeIgniter.php(355): CodeIgniter\CodeIgniter->handleRequest(null, Object(Config\Cache), false)
 5 SYSTEMPATH\Boot.php(325): CodeIgniter\CodeIgniter->run()
 6 SYSTEMPATH\Boot.php(67): CodeIgniter\Boot::runCodeIgniter(Object(CodeIgniter\CodeIgniter))
 7 FCPATH\index.php(56): CodeIgniter\Boot::bootWeb(Object(Config\Paths))
 8 SYSTEMPATH\rewrite.php(44): require_once('C:\\xampp\\htdocs\\tp2\\public\\index.php')
CRITICAL - 2024-11-14 07:59:20 --> CodeIgniter\HTTP\Exceptions\BadRequestException: The URI you submitted has disallowed characters: "C:\Users\HP\Desktop\téléchargement.png"
[Method: GET, Route: C:%5CUsers%5CHP%5CDesktop%5Ct%C3%A9l%C3%A9chargement.png]
in SYSTEMPATH\Router\Router.php on line 737.
 1 SYSTEMPATH\Router\Router.php(204): CodeIgniter\Router\Router->checkDisallowedChars('C:\\Users\\HP\\Desktop\\téléchargement.png')
 2 SYSTEMPATH\CodeIgniter.php(834): CodeIgniter\Router\Router->handle('C:\\Users\\HP\\Desktop\\téléchargement.png')
 3 SYSTEMPATH\CodeIgniter.php(457): CodeIgniter\CodeIgniter->tryToRouteIt(Object(CodeIgniter\Router\RouteCollection))
 4 SYSTEMPATH\CodeIgniter.php(355): CodeIgniter\CodeIgniter->handleRequest(null, Object(Config\Cache), false)
 5 SYSTEMPATH\Boot.php(325): CodeIgniter\CodeIgniter->run()
 6 SYSTEMPATH\Boot.php(67): CodeIgniter\Boot::runCodeIgniter(Object(CodeIgniter\CodeIgniter))
 7 FCPATH\index.php(56): CodeIgniter\Boot::bootWeb(Object(Config\Paths))
 8 SYSTEMPATH\rewrite.php(44): require_once('C:\\xampp\\htdocs\\tp2\\public\\index.php')
CRITICAL - 2024-11-14 07:59:23 --> CodeIgniter\HTTP\Exceptions\BadRequestException: The URI you submitted has disallowed characters: "C:\Users\HP\Desktop\téléchargement.png"
[Method: GET, Route: C:%5CUsers%5CHP%5CDesktop%5Ct%C3%A9l%C3%A9chargement.png]
in SYSTEMPATH\Router\Router.php on line 737.
 1 SYSTEMPATH\Router\Router.php(204): CodeIgniter\Router\Router->checkDisallowedChars('C:\\Users\\HP\\Desktop\\téléchargement.png')
 2 SYSTEMPATH\CodeIgniter.php(834): CodeIgniter\Router\Router->handle('C:\\Users\\HP\\Desktop\\téléchargement.png')
 3 SYSTEMPATH\CodeIgniter.php(457): CodeIgniter\CodeIgniter->tryToRouteIt(Object(CodeIgniter\Router\RouteCollection))
 4 SYSTEMPATH\CodeIgniter.php(355): CodeIgniter\CodeIgniter->handleRequest(null, Object(Config\Cache), false)
 5 SYSTEMPATH\Boot.php(325): CodeIgniter\CodeIgniter->run()
 6 SYSTEMPATH\Boot.php(67): CodeIgniter\Boot::runCodeIgniter(Object(CodeIgniter\CodeIgniter))
 7 FCPATH\index.php(56): CodeIgniter\Boot::bootWeb(Object(Config\Paths))
 8 SYSTEMPATH\rewrite.php(44): require_once('C:\\xampp\\htdocs\\tp2\\public\\index.php')
CRITICAL - 2024-11-14 08:00:33 --> CodeIgniter\HTTP\Exceptions\BadRequestException: The URI you submitted has disallowed characters: "C:\Users\HP\Desktop\téléchargement.png"
[Method: GET, Route: C:%5CUsers%5CHP%5CDesktop%5Ct%C3%A9l%C3%A9chargement.png]
in SYSTEMPATH\Router\Router.php on line 737.
 1 SYSTEMPATH\Router\Router.php(204): CodeIgniter\Router\Router->checkDisallowedChars('C:\\Users\\HP\\Desktop\\téléchargement.png')
 2 SYSTEMPATH\CodeIgniter.php(834): CodeIgniter\Router\Router->handle('C:\\Users\\HP\\Desktop\\téléchargement.png')
 3 SYSTEMPATH\CodeIgniter.php(457): CodeIgniter\CodeIgniter->tryToRouteIt(Object(CodeIgniter\Router\RouteCollection))
 4 SYSTEMPATH\CodeIgniter.php(355): CodeIgniter\CodeIgniter->handleRequest(null, Object(Config\Cache), false)
 5 SYSTEMPATH\Boot.php(325): CodeIgniter\CodeIgniter->run()
 6 SYSTEMPATH\Boot.php(67): CodeIgniter\Boot::runCodeIgniter(Object(CodeIgniter\CodeIgniter))
 7 FCPATH\index.php(56): CodeIgniter\Boot::bootWeb(Object(Config\Paths))
 8 SYSTEMPATH\rewrite.php(44): require_once('C:\\xampp\\htdocs\\tp2\\public\\index.php')
CRITICAL - 2024-11-14 08:13:21 --> CodeIgniter\HTTP\Exceptions\BadRequestException: The URI you submitted has disallowed characters: "C:\Users\HP\Desktop\téléchargement.png"
[Method: GET, Route: C:%5CUsers%5CHP%5CDesktop%5Ct%C3%A9l%C3%A9chargement.png]
in SYSTEMPATH\Router\Router.php on line 737.
 1 SYSTEMPATH\Router\Router.php(204): CodeIgniter\Router\Router->checkDisallowedChars('C:\\Users\\HP\\Desktop\\téléchargement.png')
 2 SYSTEMPATH\CodeIgniter.php(834): CodeIgniter\Router\Router->handle('C:\\Users\\HP\\Desktop\\téléchargement.png')
 3 SYSTEMPATH\CodeIgniter.php(457): CodeIgniter\CodeIgniter->tryToRouteIt(Object(CodeIgniter\Router\RouteCollection))
 4 SYSTEMPATH\CodeIgniter.php(355): CodeIgniter\CodeIgniter->handleRequest(null, Object(Config\Cache), false)
 5 SYSTEMPATH\Boot.php(325): CodeIgniter\CodeIgniter->run()
 6 SYSTEMPATH\Boot.php(67): CodeIgniter\Boot::runCodeIgniter(Object(CodeIgniter\CodeIgniter))
 7 FCPATH\index.php(56): CodeIgniter\Boot::bootWeb(Object(Config\Paths))
 8 SYSTEMPATH\rewrite.php(44): require_once('C:\\xampp\\htdocs\\tp2\\public\\index.php')
CRITICAL - 2024-11-14 08:13:23 --> ParseError: syntax error, unexpected token "}"
[Method: GET, Route: auth/register]
in APPPATH\Controllers\Auth.php on line 58.
 1 SYSTEMPATH\Autoloader\Autoloader.php(296): CodeIgniter\Autoloader\Autoloader->includeFile('C:\\xampp\\htdocs\\tp2\\app\\Controllers\\Auth.php')
 2 SYSTEMPATH\Autoloader\Autoloader.php(272): CodeIgniter\Autoloader\Autoloader->loadInNamespace('App\\Controllers\\Auth')
 3 [internal function]: CodeIgniter\Autoloader\Autoloader->loadClass('App\\Controllers\\Auth')
 4 SYSTEMPATH\CodeIgniter.php(887): class_exists('\\App\\Controllers\\Auth', true)
 5 SYSTEMPATH\CodeIgniter.php(496): CodeIgniter\CodeIgniter->startController()
 6 SYSTEMPATH\CodeIgniter.php(355): CodeIgniter\CodeIgniter->handleRequest(null, Object(Config\Cache), false)
 7 SYSTEMPATH\Boot.php(325): CodeIgniter\CodeIgniter->run()
 8 SYSTEMPATH\Boot.php(67): CodeIgniter\Boot::runCodeIgniter(Object(CodeIgniter\CodeIgniter))
 9 FCPATH\index.php(56): CodeIgniter\Boot::bootWeb(Object(Config\Paths))
10 SYSTEMPATH\rewrite.php(44): require_once('C:\\xampp\\htdocs\\tp2\\public\\index.php')
CRITICAL - 2024-11-14 08:20:06 --> CodeIgniter\HTTP\Exceptions\BadRequestException: The URI you submitted has disallowed characters: "C:\Users\HP\Desktop\téléchargement.png"
[Method: GET, Route: C:%5CUsers%5CHP%5CDesktop%5Ct%C3%A9l%C3%A9chargement.png]
in SYSTEMPATH\Router\Router.php on line 737.
 1 SYSTEMPATH\Router\Router.php(204): CodeIgniter\Router\Router->checkDisallowedChars('C:\\Users\\HP\\Desktop\\téléchargement.png')
 2 SYSTEMPATH\CodeIgniter.php(834): CodeIgniter\Router\Router->handle('C:\\Users\\HP\\Desktop\\téléchargement.png')
 3 SYSTEMPATH\CodeIgniter.php(457): CodeIgniter\CodeIgniter->tryToRouteIt(Object(CodeIgniter\Router\RouteCollection))
 4 SYSTEMPATH\CodeIgniter.php(355): CodeIgniter\CodeIgniter->handleRequest(null, Object(Config\Cache), false)
 5 SYSTEMPATH\Boot.php(325): CodeIgniter\CodeIgniter->run()
 6 SYSTEMPATH\Boot.php(67): CodeIgniter\Boot::runCodeIgniter(Object(CodeIgniter\CodeIgniter))
 7 FCPATH\index.php(56): CodeIgniter\Boot::bootWeb(Object(Config\Paths))
 8 SYSTEMPATH\rewrite.php(44): require_once('C:\\xampp\\htdocs\\tp2\\public\\index.php')
CRITICAL - 2024-11-14 08:20:09 --> CodeIgniter\HTTP\Exceptions\BadRequestException: The URI you submitted has disallowed characters: "C:\Users\HP\Desktop\téléchargement.png"
[Method: GET, Route: C:%5CUsers%5CHP%5CDesktop%5Ct%C3%A9l%C3%A9chargement.png]
in SYSTEMPATH\Router\Router.php on line 737.
 1 SYSTEMPATH\Router\Router.php(204): CodeIgniter\Router\Router->checkDisallowedChars('C:\\Users\\HP\\Desktop\\téléchargement.png')
 2 SYSTEMPATH\CodeIgniter.php(834): CodeIgniter\Router\Router->handle('C:\\Users\\HP\\Desktop\\téléchargement.png')
 3 SYSTEMPATH\CodeIgniter.php(457): CodeIgniter\CodeIgniter->tryToRouteIt(Object(CodeIgniter\Router\RouteCollection))
 4 SYSTEMPATH\CodeIgniter.php(355): CodeIgniter\CodeIgniter->handleRequest(null, Object(Config\Cache), false)
 5 SYSTEMPATH\Boot.php(325): CodeIgniter\CodeIgniter->run()
 6 SYSTEMPATH\Boot.php(67): CodeIgniter\Boot::runCodeIgniter(Object(CodeIgniter\CodeIgniter))
 7 FCPATH\index.php(56): CodeIgniter\Boot::bootWeb(Object(Config\Paths))
 8 SYSTEMPATH\rewrite.php(44): require_once('C:\\xampp\\htdocs\\tp2\\public\\index.php')
CRITICAL - 2024-11-14 08:20:10 --> ErrorException: Namespace declaration statement has to be the very first statement or after any declare call in the script
[Method: GET, Route: auth/login]
in APPPATH\Controllers\Auth.php on line 3.
 1 [internal function]: CodeIgniter\Debug\Exceptions->shutdownHandler()
CRITICAL - 2024-11-14 08:20:12 --> CodeIgniter\HTTP\Exceptions\BadRequestException: The URI you submitted has disallowed characters: "C:\Users\HP\Desktop\téléchargement.png"
[Method: GET, Route: C:%5CUsers%5CHP%5CDesktop%5Ct%C3%A9l%C3%A9chargement.png]
in SYSTEMPATH\Router\Router.php on line 737.
 1 SYSTEMPATH\Router\Router.php(204): CodeIgniter\Router\Router->checkDisallowedChars('C:\\Users\\HP\\Desktop\\téléchargement.png')
 2 SYSTEMPATH\CodeIgniter.php(834): CodeIgniter\Router\Router->handle('C:\\Users\\HP\\Desktop\\téléchargement.png')
 3 SYSTEMPATH\CodeIgniter.php(457): CodeIgniter\CodeIgniter->tryToRouteIt(Object(CodeIgniter\Router\RouteCollection))
 4 SYSTEMPATH\CodeIgniter.php(355): CodeIgniter\CodeIgniter->handleRequest(null, Object(Config\Cache), false)
 5 SYSTEMPATH\Boot.php(325): CodeIgniter\CodeIgniter->run()
 6 SYSTEMPATH\Boot.php(67): CodeIgniter\Boot::runCodeIgniter(Object(CodeIgniter\CodeIgniter))
 7 FCPATH\index.php(56): CodeIgniter\Boot::bootWeb(Object(Config\Paths))
 8 SYSTEMPATH\rewrite.php(44): require_once('C:\\xampp\\htdocs\\tp2\\public\\index.php')
CRITICAL - 2024-11-14 08:20:13 --> ErrorException: Namespace declaration statement has to be the very first statement or after any declare call in the script
[Method: GET, Route: auth/register]
in APPPATH\Controllers\Auth.php on line 3.
 1 [internal function]: CodeIgniter\Debug\Exceptions->shutdownHandler()
CRITICAL - 2024-11-14 08:20:16 --> CodeIgniter\HTTP\Exceptions\BadRequestException: The URI you submitted has disallowed characters: "C:\Users\HP\Desktop\téléchargement.png"
[Method: GET, Route: C:%5CUsers%5CHP%5CDesktop%5Ct%C3%A9l%C3%A9chargement.png]
in SYSTEMPATH\Router\Router.php on line 737.
 1 SYSTEMPATH\Router\Router.php(204): CodeIgniter\Router\Router->checkDisallowedChars('C:\\Users\\HP\\Desktop\\téléchargement.png')
 2 SYSTEMPATH\CodeIgniter.php(834): CodeIgniter\Router\Router->handle('C:\\Users\\HP\\Desktop\\téléchargement.png')
 3 SYSTEMPATH\CodeIgniter.php(457): CodeIgniter\CodeIgniter->tryToRouteIt(Object(CodeIgniter\Router\RouteCollection))
 4 SYSTEMPATH\CodeIgniter.php(355): CodeIgniter\CodeIgniter->handleRequest(null, Object(Config\Cache), false)
 5 SYSTEMPATH\Boot.php(325): CodeIgniter\CodeIgniter->run()
 6 SYSTEMPATH\Boot.php(67): CodeIgniter\Boot::runCodeIgniter(Object(CodeIgniter\CodeIgniter))
 7 FCPATH\index.php(56): CodeIgniter\Boot::bootWeb(Object(Config\Paths))
 8 SYSTEMPATH\rewrite.php(44): require_once('C:\\xampp\\htdocs\\tp2\\public\\index.php')
CRITICAL - 2024-11-14 08:20:34 --> CodeIgniter\HTTP\Exceptions\BadRequestException: The URI you submitted has disallowed characters: "C:\Users\HP\Desktop\téléchargement.png"
[Method: GET, Route: C:%5CUsers%5CHP%5CDesktop%5Ct%C3%A9l%C3%A9chargement.png]
in SYSTEMPATH\Router\Router.php on line 737.
 1 SYSTEMPATH\Router\Router.php(204): CodeIgniter\Router\Router->checkDisallowedChars('C:\\Users\\HP\\Desktop\\téléchargement.png')
 2 SYSTEMPATH\CodeIgniter.php(834): CodeIgniter\Router\Router->handle('C:\\Users\\HP\\Desktop\\téléchargement.png')
 3 SYSTEMPATH\CodeIgniter.php(457): CodeIgniter\CodeIgniter->tryToRouteIt(Object(CodeIgniter\Router\RouteCollection))
 4 SYSTEMPATH\CodeIgniter.php(355): CodeIgniter\CodeIgniter->handleRequest(null, Object(Config\Cache), false)
 5 SYSTEMPATH\Boot.php(325): CodeIgniter\CodeIgniter->run()
 6 SYSTEMPATH\Boot.php(67): CodeIgniter\Boot::runCodeIgniter(Object(CodeIgniter\CodeIgniter))
 7 FCPATH\index.php(56): CodeIgniter\Boot::bootWeb(Object(Config\Paths))
 8 SYSTEMPATH\rewrite.php(44): require_once('C:\\xampp\\htdocs\\tp2\\public\\index.php')
CRITICAL - 2024-11-14 08:20:40 --> CodeIgniter\HTTP\Exceptions\BadRequestException: The URI you submitted has disallowed characters: "C:\Users\HP\Desktop\téléchargement.png"
[Method: GET, Route: C:%5CUsers%5CHP%5CDesktop%5Ct%C3%A9l%C3%A9chargement.png]
in SYSTEMPATH\Router\Router.php on line 737.
 1 SYSTEMPATH\Router\Router.php(204): CodeIgniter\Router\Router->checkDisallowedChars('C:\\Users\\HP\\Desktop\\téléchargement.png')
 2 SYSTEMPATH\CodeIgniter.php(834): CodeIgniter\Router\Router->handle('C:\\Users\\HP\\Desktop\\téléchargement.png')
 3 SYSTEMPATH\CodeIgniter.php(457): CodeIgniter\CodeIgniter->tryToRouteIt(Object(CodeIgniter\Router\RouteCollection))
 4 SYSTEMPATH\CodeIgniter.php(355): CodeIgniter\CodeIgniter->handleRequest(null, Object(Config\Cache), false)
 5 SYSTEMPATH\Boot.php(325): CodeIgniter\CodeIgniter->run()
 6 SYSTEMPATH\Boot.php(67): CodeIgniter\Boot::runCodeIgniter(Object(CodeIgniter\CodeIgniter))
 7 FCPATH\index.php(56): CodeIgniter\Boot::bootWeb(Object(Config\Paths))
 8 SYSTEMPATH\rewrite.php(44): require_once('C:\\xampp\\htdocs\\tp2\\public\\index.php')
CRITICAL - 2024-11-14 08:23:52 --> CodeIgniter\HTTP\Exceptions\BadRequestException: The URI you submitted has disallowed characters: "C:\Users\HP\Desktop\téléchargement.png"
[Method: GET, Route: C:%5CUsers%5CHP%5CDesktop%5Ct%C3%A9l%C3%A9chargement.png]
in SYSTEMPATH\Router\Router.php on line 737.
 1 SYSTEMPATH\Router\Router.php(204): CodeIgniter\Router\Router->checkDisallowedChars('C:\\Users\\HP\\Desktop\\téléchargement.png')
 2 SYSTEMPATH\CodeIgniter.php(834): CodeIgniter\Router\Router->handle('C:\\Users\\HP\\Desktop\\téléchargement.png')
 3 SYSTEMPATH\CodeIgniter.php(457): CodeIgniter\CodeIgniter->tryToRouteIt(Object(CodeIgniter\Router\RouteCollection))
 4 SYSTEMPATH\CodeIgniter.php(355): CodeIgniter\CodeIgniter->handleRequest(null, Object(Config\Cache), false)
 5 SYSTEMPATH\Boot.php(325): CodeIgniter\CodeIgniter->run()
 6 SYSTEMPATH\Boot.php(67): CodeIgniter\Boot::runCodeIgniter(Object(CodeIgniter\CodeIgniter))
 7 FCPATH\index.php(56): CodeIgniter\Boot::bootWeb(Object(Config\Paths))
 8 SYSTEMPATH\rewrite.php(44): require_once('C:\\xampp\\htdocs\\tp2\\public\\index.php')
CRITICAL - 2024-11-14 08:23:54 --> CodeIgniter\HTTP\Exceptions\BadRequestException: The URI you submitted has disallowed characters: "C:\Users\HP\Desktop\téléchargement.png"
[Method: GET, Route: C:%5CUsers%5CHP%5CDesktop%5Ct%C3%A9l%C3%A9chargement.png]
in SYSTEMPATH\Router\Router.php on line 737.
 1 SYSTEMPATH\Router\Router.php(204): CodeIgniter\Router\Router->checkDisallowedChars('C:\\Users\\HP\\Desktop\\téléchargement.png')
 2 SYSTEMPATH\CodeIgniter.php(834): CodeIgniter\Router\Router->handle('C:\\Users\\HP\\Desktop\\téléchargement.png')
 3 SYSTEMPATH\CodeIgniter.php(457): CodeIgniter\CodeIgniter->tryToRouteIt(Object(CodeIgniter\Router\RouteCollection))
 4 SYSTEMPATH\CodeIgniter.php(355): CodeIgniter\CodeIgniter->handleRequest(null, Object(Config\Cache), false)
 5 SYSTEMPATH\Boot.php(325): CodeIgniter\CodeIgniter->run()
 6 SYSTEMPATH\Boot.php(67): CodeIgniter\Boot::runCodeIgniter(Object(CodeIgniter\CodeIgniter))
 7 FCPATH\index.php(56): CodeIgniter\Boot::bootWeb(Object(Config\Paths))
 8 SYSTEMPATH\rewrite.php(44): require_once('C:\\xampp\\htdocs\\tp2\\public\\index.php')
CRITICAL - 2024-11-14 08:25:28 --> CodeIgniter\HTTP\Exceptions\BadRequestException: The URI you submitted has disallowed characters: "C:\Users\HP\Desktop\téléchargement.png"
[Method: GET, Route: C:%5CUsers%5CHP%5CDesktop%5Ct%C3%A9l%C3%A9chargement.png]
in SYSTEMPATH\Router\Router.php on line 737.
 1 SYSTEMPATH\Router\Router.php(204): CodeIgniter\Router\Router->checkDisallowedChars('C:\\Users\\HP\\Desktop\\téléchargement.png')
 2 SYSTEMPATH\CodeIgniter.php(834): CodeIgniter\Router\Router->handle('C:\\Users\\HP\\Desktop\\téléchargement.png')
 3 SYSTEMPATH\CodeIgniter.php(457): CodeIgniter\CodeIgniter->tryToRouteIt(Object(CodeIgniter\Router\RouteCollection))
 4 SYSTEMPATH\CodeIgniter.php(355): CodeIgniter\CodeIgniter->handleRequest(null, Object(Config\Cache), false)
 5 SYSTEMPATH\Boot.php(325): CodeIgniter\CodeIgniter->run()
 6 SYSTEMPATH\Boot.php(67): CodeIgniter\Boot::runCodeIgniter(Object(CodeIgniter\CodeIgniter))
 7 FCPATH\index.php(56): CodeIgniter\Boot::bootWeb(Object(Config\Paths))
 8 SYSTEMPATH\rewrite.php(44): require_once('C:\\xampp\\htdocs\\tp2\\public\\index.php')
CRITICAL - 2024-11-14 08:25:29 --> CodeIgniter\HTTP\Exceptions\BadRequestException: The URI you submitted has disallowed characters: "C:\Users\HP\Desktop\téléchargement.png"
[Method: GET, Route: C:%5CUsers%5CHP%5CDesktop%5Ct%C3%A9l%C3%A9chargement.png]
in SYSTEMPATH\Router\Router.php on line 737.
 1 SYSTEMPATH\Router\Router.php(204): CodeIgniter\Router\Router->checkDisallowedChars('C:\\Users\\HP\\Desktop\\téléchargement.png')
 2 SYSTEMPATH\CodeIgniter.php(834): CodeIgniter\Router\Router->handle('C:\\Users\\HP\\Desktop\\téléchargement.png')
 3 SYSTEMPATH\CodeIgniter.php(457): CodeIgniter\CodeIgniter->tryToRouteIt(Object(CodeIgniter\Router\RouteCollection))
 4 SYSTEMPATH\CodeIgniter.php(355): CodeIgniter\CodeIgniter->handleRequest(null, Object(Config\Cache), false)
 5 SYSTEMPATH\Boot.php(325): CodeIgniter\CodeIgniter->run()
 6 SYSTEMPATH\Boot.php(67): CodeIgniter\Boot::runCodeIgniter(Object(CodeIgniter\CodeIgniter))
 7 FCPATH\index.php(56): CodeIgniter\Boot::bootWeb(Object(Config\Paths))
 8 SYSTEMPATH\rewrite.php(44): require_once('C:\\xampp\\htdocs\\tp2\\public\\index.php')
CRITICAL - 2024-11-14 08:26:22 --> CodeIgniter\HTTP\Exceptions\BadRequestException: The URI you submitted has disallowed characters: "C:\Users\HP\Desktop\téléchargement.png"
[Method: GET, Route: C:%5CUsers%5CHP%5CDesktop%5Ct%C3%A9l%C3%A9chargement.png]
in SYSTEMPATH\Router\Router.php on line 737.
 1 SYSTEMPATH\Router\Router.php(204): CodeIgniter\Router\Router->checkDisallowedChars('C:\\Users\\HP\\Desktop\\téléchargement.png')
 2 SYSTEMPATH\CodeIgniter.php(834): CodeIgniter\Router\Router->handle('C:\\Users\\HP\\Desktop\\téléchargement.png')
 3 SYSTEMPATH\CodeIgniter.php(457): CodeIgniter\CodeIgniter->tryToRouteIt(Object(CodeIgniter\Router\RouteCollection))
 4 SYSTEMPATH\CodeIgniter.php(355): CodeIgniter\CodeIgniter->handleRequest(null, Object(Config\Cache), false)
 5 SYSTEMPATH\Boot.php(325): CodeIgniter\CodeIgniter->run()
 6 SYSTEMPATH\Boot.php(67): CodeIgniter\Boot::runCodeIgniter(Object(CodeIgniter\CodeIgniter))
 7 FCPATH\index.php(56): CodeIgniter\Boot::bootWeb(Object(Config\Paths))
 8 SYSTEMPATH\rewrite.php(44): require_once('C:\\xampp\\htdocs\\tp2\\public\\index.php')
CRITICAL - 2024-11-14 08:26:23 --> CodeIgniter\HTTP\Exceptions\BadRequestException: The URI you submitted has disallowed characters: "C:\Users\HP\Desktop\téléchargement.png"
[Method: GET, Route: C:%5CUsers%5CHP%5CDesktop%5Ct%C3%A9l%C3%A9chargement.png]
in SYSTEMPATH\Router\Router.php on line 737.
 1 SYSTEMPATH\Router\Router.php(204): CodeIgniter\Router\Router->checkDisallowedChars('C:\\Users\\HP\\Desktop\\téléchargement.png')
 2 SYSTEMPATH\CodeIgniter.php(834): CodeIgniter\Router\Router->handle('C:\\Users\\HP\\Desktop\\téléchargement.png')
 3 SYSTEMPATH\CodeIgniter.php(457): CodeIgniter\CodeIgniter->tryToRouteIt(Object(CodeIgniter\Router\RouteCollection))
 4 SYSTEMPATH\CodeIgniter.php(355): CodeIgniter\CodeIgniter->handleRequest(null, Object(Config\Cache), false)
 5 SYSTEMPATH\Boot.php(325): CodeIgniter\CodeIgniter->run()
 6 SYSTEMPATH\Boot.php(67): CodeIgniter\Boot::runCodeIgniter(Object(CodeIgniter\CodeIgniter))
 7 FCPATH\index.php(56): CodeIgniter\Boot::bootWeb(Object(Config\Paths))
 8 SYSTEMPATH\rewrite.php(44): require_once('C:\\xampp\\htdocs\\tp2\\public\\index.php')
CRITICAL - 2024-11-14 08:28:03 --> CodeIgniter\HTTP\Exceptions\BadRequestException: The URI you submitted has disallowed characters: "C:\Users\HP\Desktop\téléchargement.png"
[Method: GET, Route: C:%5CUsers%5CHP%5CDesktop%5Ct%C3%A9l%C3%A9chargement.png]
in SYSTEMPATH\Router\Router.php on line 737.
 1 SYSTEMPATH\Router\Router.php(204): CodeIgniter\Router\Router->checkDisallowedChars('C:\\Users\\HP\\Desktop\\téléchargement.png')
 2 SYSTEMPATH\CodeIgniter.php(834): CodeIgniter\Router\Router->handle('C:\\Users\\HP\\Desktop\\téléchargement.png')
 3 SYSTEMPATH\CodeIgniter.php(457): CodeIgniter\CodeIgniter->tryToRouteIt(Object(CodeIgniter\Router\RouteCollection))
 4 SYSTEMPATH\CodeIgniter.php(355): CodeIgniter\CodeIgniter->handleRequest(null, Object(Config\Cache), false)
 5 SYSTEMPATH\Boot.php(325): CodeIgniter\CodeIgniter->run()
 6 SYSTEMPATH\Boot.php(67): CodeIgniter\Boot::runCodeIgniter(Object(CodeIgniter\CodeIgniter))
 7 FCPATH\index.php(56): CodeIgniter\Boot::bootWeb(Object(Config\Paths))
 8 SYSTEMPATH\rewrite.php(44): require_once('C:\\xampp\\htdocs\\tp2\\public\\index.php')
CRITICAL - 2024-11-14 08:28:04 --> CodeIgniter\HTTP\Exceptions\BadRequestException: The URI you submitted has disallowed characters: "C:\Users\HP\Desktop\téléchargement.png"
[Method: GET, Route: C:%5CUsers%5CHP%5CDesktop%5Ct%C3%A9l%C3%A9chargement.png]
in SYSTEMPATH\Router\Router.php on line 737.
 1 SYSTEMPATH\Router\Router.php(204): CodeIgniter\Router\Router->checkDisallowedChars('C:\\Users\\HP\\Desktop\\téléchargement.png')
 2 SYSTEMPATH\CodeIgniter.php(834): CodeIgniter\Router\Router->handle('C:\\Users\\HP\\Desktop\\téléchargement.png')
 3 SYSTEMPATH\CodeIgniter.php(457): CodeIgniter\CodeIgniter->tryToRouteIt(Object(CodeIgniter\Router\RouteCollection))
 4 SYSTEMPATH\CodeIgniter.php(355): CodeIgniter\CodeIgniter->handleRequest(null, Object(Config\Cache), false)
 5 SYSTEMPATH\Boot.php(325): CodeIgniter\CodeIgniter->run()
 6 SYSTEMPATH\Boot.php(67): CodeIgniter\Boot::runCodeIgniter(Object(CodeIgniter\CodeIgniter))
 7 FCPATH\index.php(56): CodeIgniter\Boot::bootWeb(Object(Config\Paths))
 8 SYSTEMPATH\rewrite.php(44): require_once('C:\\xampp\\htdocs\\tp2\\public\\index.php')
CRITICAL - 2024-11-14 08:28:43 --> CodeIgniter\HTTP\Exceptions\BadRequestException: The URI you submitted has disallowed characters: "C:\Users\HP\Desktop\téléchargement.png"
[Method: GET, Route: C:%5CUsers%5CHP%5CDesktop%5Ct%C3%A9l%C3%A9chargement.png]
in SYSTEMPATH\Router\Router.php on line 737.
 1 SYSTEMPATH\Router\Router.php(204): CodeIgniter\Router\Router->checkDisallowedChars('C:\\Users\\HP\\Desktop\\téléchargement.png')
 2 SYSTEMPATH\CodeIgniter.php(834): CodeIgniter\Router\Router->handle('C:\\Users\\HP\\Desktop\\téléchargement.png')
 3 SYSTEMPATH\CodeIgniter.php(457): CodeIgniter\CodeIgniter->tryToRouteIt(Object(CodeIgniter\Router\RouteCollection))
 4 SYSTEMPATH\CodeIgniter.php(355): CodeIgniter\CodeIgniter->handleRequest(null, Object(Config\Cache), false)
 5 SYSTEMPATH\Boot.php(325): CodeIgniter\CodeIgniter->run()
 6 SYSTEMPATH\Boot.php(67): CodeIgniter\Boot::runCodeIgniter(Object(CodeIgniter\CodeIgniter))
 7 FCPATH\index.php(56): CodeIgniter\Boot::bootWeb(Object(Config\Paths))
 8 SYSTEMPATH\rewrite.php(44): require_once('C:\\xampp\\htdocs\\tp2\\public\\index.php')
CRITICAL - 2024-11-14 08:41:39 --> CodeIgniter\HTTP\Exceptions\BadRequestException: The URI you submitted has disallowed characters: "C:\Users\HP\Desktop\téléchargement.png"
[Method: GET, Route: C:%5CUsers%5CHP%5CDesktop%5Ct%C3%A9l%C3%A9chargement.png]
in SYSTEMPATH\Router\Router.php on line 737.
 1 SYSTEMPATH\Router\Router.php(204): CodeIgniter\Router\Router->checkDisallowedChars('C:\\Users\\HP\\Desktop\\téléchargement.png')
 2 SYSTEMPATH\CodeIgniter.php(834): CodeIgniter\Router\Router->handle('C:\\Users\\HP\\Desktop\\téléchargement.png')
 3 SYSTEMPATH\CodeIgniter.php(457): CodeIgniter\CodeIgniter->tryToRouteIt(Object(CodeIgniter\Router\RouteCollection))
 4 SYSTEMPATH\CodeIgniter.php(355): CodeIgniter\CodeIgniter->handleRequest(null, Object(Config\Cache), false)
 5 SYSTEMPATH\Boot.php(325): CodeIgniter\CodeIgniter->run()
 6 SYSTEMPATH\Boot.php(67): CodeIgniter\Boot::runCodeIgniter(Object(CodeIgniter\CodeIgniter))
 7 FCPATH\index.php(56): CodeIgniter\Boot::bootWeb(Object(Config\Paths))
 8 SYSTEMPATH\rewrite.php(44): require_once('C:\\xampp\\htdocs\\tp2\\public\\index.php')
CRITICAL - 2024-11-14 08:41:40 --> CodeIgniter\HTTP\Exceptions\BadRequestException: The URI you submitted has disallowed characters: "C:\Users\HP\Desktop\téléchargement.png"
[Method: GET, Route: C:%5CUsers%5CHP%5CDesktop%5Ct%C3%A9l%C3%A9chargement.png]
in SYSTEMPATH\Router\Router.php on line 737.
 1 SYSTEMPATH\Router\Router.php(204): CodeIgniter\Router\Router->checkDisallowedChars('C:\\Users\\HP\\Desktop\\téléchargement.png')
 2 SYSTEMPATH\CodeIgniter.php(834): CodeIgniter\Router\Router->handle('C:\\Users\\HP\\Desktop\\téléchargement.png')
 3 SYSTEMPATH\CodeIgniter.php(457): CodeIgniter\CodeIgniter->tryToRouteIt(Object(CodeIgniter\Router\RouteCollection))
 4 SYSTEMPATH\CodeIgniter.php(355): CodeIgniter\CodeIgniter->handleRequest(null, Object(Config\Cache), false)
 5 SYSTEMPATH\Boot.php(325): CodeIgniter\CodeIgniter->run()
 6 SYSTEMPATH\Boot.php(67): CodeIgniter\Boot::runCodeIgniter(Object(CodeIgniter\CodeIgniter))
 7 FCPATH\index.php(56): CodeIgniter\Boot::bootWeb(Object(Config\Paths))
 8 SYSTEMPATH\rewrite.php(44): require_once('C:\\xampp\\htdocs\\tp2\\public\\index.php')
CRITICAL - 2024-11-14 08:43:23 --> CodeIgniter\HTTP\Exceptions\BadRequestException: The URI you submitted has disallowed characters: "C:\Users\HP\Desktop\téléchargement.png"
[Method: GET, Route: C:%5CUsers%5CHP%5CDesktop%5Ct%C3%A9l%C3%A9chargement.png]
in SYSTEMPATH\Router\Router.php on line 737.
 1 SYSTEMPATH\Router\Router.php(204): CodeIgniter\Router\Router->checkDisallowedChars('C:\\Users\\HP\\Desktop\\téléchargement.png')
 2 SYSTEMPATH\CodeIgniter.php(834): CodeIgniter\Router\Router->handle('C:\\Users\\HP\\Desktop\\téléchargement.png')
 3 SYSTEMPATH\CodeIgniter.php(457): CodeIgniter\CodeIgniter->tryToRouteIt(Object(CodeIgniter\Router\RouteCollection))
 4 SYSTEMPATH\CodeIgniter.php(355): CodeIgniter\CodeIgniter->handleRequest(null, Object(Config\Cache), false)
 5 SYSTEMPATH\Boot.php(325): CodeIgniter\CodeIgniter->run()
 6 SYSTEMPATH\Boot.php(67): CodeIgniter\Boot::runCodeIgniter(Object(CodeIgniter\CodeIgniter))
 7 FCPATH\index.php(56): CodeIgniter\Boot::bootWeb(Object(Config\Paths))
 8 SYSTEMPATH\rewrite.php(44): require_once('C:\\xampp\\htdocs\\tp2\\public\\index.php')
CRITICAL - 2024-11-14 08:43:24 --> CodeIgniter\HTTP\Exceptions\BadRequestException: The URI you submitted has disallowed characters: "C:\Users\HP\Desktop\téléchargement.png"
[Method: GET, Route: C:%5CUsers%5CHP%5CDesktop%5Ct%C3%A9l%C3%A9chargement.png]
in SYSTEMPATH\Router\Router.php on line 737.
 1 SYSTEMPATH\Router\Router.php(204): CodeIgniter\Router\Router->checkDisallowedChars('C:\\Users\\HP\\Desktop\\téléchargement.png')
 2 SYSTEMPATH\CodeIgniter.php(834): CodeIgniter\Router\Router->handle('C:\\Users\\HP\\Desktop\\téléchargement.png')
 3 SYSTEMPATH\CodeIgniter.php(457): CodeIgniter\CodeIgniter->tryToRouteIt(Object(CodeIgniter\Router\RouteCollection))
 4 SYSTEMPATH\CodeIgniter.php(355): CodeIgniter\CodeIgniter->handleRequest(null, Object(Config\Cache), false)
 5 SYSTEMPATH\Boot.php(325): CodeIgniter\CodeIgniter->run()
 6 SYSTEMPATH\Boot.php(67): CodeIgniter\Boot::runCodeIgniter(Object(CodeIgniter\CodeIgniter))
 7 FCPATH\index.php(56): CodeIgniter\Boot::bootWeb(Object(Config\Paths))
 8 SYSTEMPATH\rewrite.php(44): require_once('C:\\xampp\\htdocs\\tp2\\public\\index.php')
CRITICAL - 2024-11-14 08:56:15 --> CodeIgniter\HTTP\Exceptions\BadRequestException: The URI you submitted has disallowed characters: "C:\Users\HP\Desktop\téléchargement.png"
[Method: GET, Route: C:%5CUsers%5CHP%5CDesktop%5Ct%C3%A9l%C3%A9chargement.png]
in SYSTEMPATH\Router\Router.php on line 737.
 1 SYSTEMPATH\Router\Router.php(204): CodeIgniter\Router\Router->checkDisallowedChars('C:\\Users\\HP\\Desktop\\téléchargement.png')
 2 SYSTEMPATH\CodeIgniter.php(834): CodeIgniter\Router\Router->handle('C:\\Users\\HP\\Desktop\\téléchargement.png')
 3 SYSTEMPATH\CodeIgniter.php(457): CodeIgniter\CodeIgniter->tryToRouteIt(Object(CodeIgniter\Router\RouteCollection))
 4 SYSTEMPATH\CodeIgniter.php(355): CodeIgniter\CodeIgniter->handleRequest(null, Object(Config\Cache), false)
 5 SYSTEMPATH\Boot.php(325): CodeIgniter\CodeIgniter->run()
 6 SYSTEMPATH\Boot.php(67): CodeIgniter\Boot::runCodeIgniter(Object(CodeIgniter\CodeIgniter))
 7 FCPATH\index.php(56): CodeIgniter\Boot::bootWeb(Object(Config\Paths))
 8 SYSTEMPATH\rewrite.php(44): require_once('C:\\xampp\\htdocs\\tp2\\public\\index.php')
CRITICAL - 2024-11-14 08:56:16 --> CodeIgniter\HTTP\Exceptions\BadRequestException: The URI you submitted has disallowed characters: "C:\Users\HP\Desktop\téléchargement.png"
[Method: GET, Route: C:%5CUsers%5CHP%5CDesktop%5Ct%C3%A9l%C3%A9chargement.png]
in SYSTEMPATH\Router\Router.php on line 737.
 1 SYSTEMPATH\Router\Router.php(204): CodeIgniter\Router\Router->checkDisallowedChars('C:\\Users\\HP\\Desktop\\téléchargement.png')
 2 SYSTEMPATH\CodeIgniter.php(834): CodeIgniter\Router\Router->handle('C:\\Users\\HP\\Desktop\\téléchargement.png')
 3 SYSTEMPATH\CodeIgniter.php(457): CodeIgniter\CodeIgniter->tryToRouteIt(Object(CodeIgniter\Router\RouteCollection))
 4 SYSTEMPATH\CodeIgniter.php(355): CodeIgniter\CodeIgniter->handleRequest(null, Object(Config\Cache), false)
 5 SYSTEMPATH\Boot.php(325): CodeIgniter\CodeIgniter->run()
 6 SYSTEMPATH\Boot.php(67): CodeIgniter\Boot::runCodeIgniter(Object(CodeIgniter\CodeIgniter))
 7 FCPATH\index.php(56): CodeIgniter\Boot::bootWeb(Object(Config\Paths))
 8 SYSTEMPATH\rewrite.php(44): require_once('C:\\xampp\\htdocs\\tp2\\public\\index.php')
